#
# A fatal error has been detected by the Java Runtime Environment:
#
#  SIGSEGV (0xb) at pc=0x00000035ebe76926, pid=27557, tid=47882547250944
#
# JRE version: 7.0_21-b11
# Java VM: Java HotSpot(TM) 64-Bit Server VM (23.21-b01 mixed mode linux-amd64 compressed oops)
# Problematic frame:
# C  [libgdk-x11-2.0.so.0+0x76926]  gdk_window_enable_synchronized_configure+0x16
#
# Failed to write core dump. Core dumps have been disabled. To enable core dumping, try "ulimit -c unlimited" before starting Java again
#
# If you would like to submit a bug report, please visit:
#   http://bugreport.sun.com/bugreport/crash.jsp
# The crash happened outside the Java Virtual Machine in native code.
# See problematic frame for where to report the bug.
#

---------------  T H R E A D  ---------------

Current thread (0x00002b8c88008000):  JavaThread "main" [_thread_in_native, id=27558, stack(0x00002b8c86284000,0x00002b8c86385000)]

siginfo:si_signo=SIGSEGV: si_errno=0, si_code=1 (SEGV_MAPERR), si_addr=0x0000000000000018

Registers:
RAX=0x0000000000000000, RBX=0x00002b8c883dc040, RCX=0x00002b8c88000040, RDX=0x0000000000000000
RSP=0x00002b8c86382c40, RBP=0x00002b8c883dc040, RSI=0x0000000000000000, RDI=0x0000000000000000
R8 =0x00000000ffffffff, R9 =0x0000000000000000, R10=0x00002b8c863829e0, R11=0x00000035ebe76910
R12=0x0000000000000000, R13=0x00002b8c8842d560, R14=0x00002b8c86382ca0, R15=0x0000000000000000
RIP=0x00000035ebe76926, EFLAGS=0x0000000000010202, CSGSFS=0x0000000000000033, ERR=0x0000000000000004
  TRAPNO=0x000000000000000e

Top of Stack: (sp=0x00002b8c86382c40)
0x00002b8c86382c40:   00002b8c883dc040 00002b8c883dc040
0x00002b8c86382c50:   00002b8c883dc130 00000035ef8934e5
0x00002b8c86382c60:   0000000000000001 00002b8c883c4c00
0x00002b8c86382c70:   00002b8c8842d560 00000035ef87ee3a
0x00002b8c86382c80:   ffffffffffffffff 0000000100000001
0x00002b8c86382c90:   0000000000000000 000002600000020d
0x00002b8c86382ca0:   0000000000000000 00002b8c0000fc02
0x00002b8c86382cb0:   0000020d883dc040 000000000000011f
0x00002b8c86382cc0:   0000000000000000 0000000000000000
0x00002b8c86382cd0:   00002b8c00000001 00000035ef892501
0x00002b8c86382ce0:   00002b8c883da540 00002b8c883da470
0x00002b8c86382cf0:   000000008842b660 0000000000000000
0x00002b8c86382d00:   0000000000000001 00000035e662dbe5
0x00002b8c86382d10:   00002b8c8842b660 00000035ef8932f0
0x00002b8c86382d20:   00002b8c8842b660 00002b8c8842ef80
0x00002b8c86382d30:   0000000000000000 00002b8c8842b660
0x00002b8c86382d40:   0000000000000001 00002b8c86382e90
0x00002b8c86382d50:   0000000000000000 00000035e660bb3e
0x00002b8c86382d60:   0000000000000000 00002b8c883d4fd0
0x00002b8c86382d70:   0000003500008001 00002b8c883c9630
0x00002b8c86382d80:   0000000000000000 0000000000000001
0x00002b8c86382d90:   0000003540008002 00002b8c883c9630
0x00002b8c86382da0:   0000000000000000 00000035e662063c
0x00002b8c86382db0:   00002b8c86382f20 00002b8c88431bb0
0x00002b8c86382dc0:   0000000000000000 0000000000000001
0x00002b8c86382dd0:   00000035e5ce4960 0000000000000001
0x00002b8c86382de0:   00002b8c883da518 00000035e662063c
0x00002b8c86382df0:   00002b8c86382e90 00000020883dc040
0x00002b8c86382e00:   00002b8c883da518 00002b8c86382eb0
0x00002b8c86382e10:   00002b8c86382e90 00002b8c8842b660
0x00002b8c86382e20:   0000000000000001 0000000000000000
0x00002b8c86382e30:   00002b8c86382ed0 00002b8c883dc040 

Instructions: (pc=0x00000035ebe76926)
0x00000035ebe76906:   fa ff e9 3f fc ff ff 0f 1f 00 48 89 6c 24 f0 4c
0x00000035ebe76916:   89 64 24 f8 49 89 fc 48 89 5c 24 e8 48 83 ec 18
0x00000035ebe76926:   48 8b 5f 18 e8 71 dc ff ff 48 89 c5 48 85 db 74
0x00000035ebe76936:   1c 48 8b 03 48 85 c0 74 05 48 3b 28 74 2c 48 89 

Register to memory mapping:

RAX=0x0000000000000000 is an unknown value
RBX=0x00002b8c883dc040 is an unknown value
RCX=0x00002b8c88000040 is an unknown value
RDX=0x0000000000000000 is an unknown value
RSP=0x00002b8c86382c40 is pointing into the stack for thread: 0x00002b8c88008000
RBP=0x00002b8c883dc040 is an unknown value
RSI=0x0000000000000000 is an unknown value
RDI=0x0000000000000000 is an unknown value
R8 =0x00000000ffffffff is an unallocated location in the heap
R9 =0x0000000000000000 is an unknown value
R10=0x00002b8c863829e0 is pointing into the stack for thread: 0x00002b8c88008000
R11=0x00000035ebe76910: gdk_window_enable_synchronized_configure+0 in /usr/lib64/libgdk-x11-2.0.so.0 at 0x00000035ebe00000
R12=0x0000000000000000 is an unknown value
R13=0x00002b8c8842d560 is an unknown value
R14=0x00002b8c86382ca0 is pointing into the stack for thread: 0x00002b8c88008000
R15=0x0000000000000000 is an unknown value


Stack: [0x00002b8c86284000,0x00002b8c86385000],  sp=0x00002b8c86382c40,  free space=1019k
Native frames: (J=compiled Java code, j=interpreted, Vv=VM code, C=native code)
C  [libgdk-x11-2.0.so.0+0x76926]  gdk_window_enable_synchronized_configure+0x16

Java frames: (J=compiled Java code, j=interpreted, Vv=VM code)
j  org.eclipse.equinox.launcher.JNIBridge._show_splash(Ljava/lang/String;)V+0
j  org.eclipse.equinox.launcher.JNIBridge.showSplash(Ljava/lang/String;)Z+2
j  org.eclipse.equinox.launcher.Main.handleSplash([Ljava/net/URL;)V+157
j  org.eclipse.equinox.launcher.Main.basicRun([Ljava/lang/String;)V+116
j  org.eclipse.equinox.launcher.Main.run([Ljava/lang/String;)I+4
j  org.eclipse.equinox.launcher.Main.main([Ljava/lang/String;)V+10
v  ~StubRoutines::call_stub

---------------  P R O C E S S  ---------------

Java Threads: ( => current thread )
  0x00002b8c882e9000 JavaThread "Service Thread" daemon [_thread_blocked, id=27600, stack(0x00002b8d02194000,0x00002b8d02295000)]
  0x00002b8c882e7000 JavaThread "C2 CompilerThread1" daemon [_thread_blocked, id=27599, stack(0x00002b8d02093000,0x00002b8d02194000)]
  0x00002b8c882e4000 JavaThread "C2 CompilerThread0" daemon [_thread_blocked, id=27598, stack(0x00002b8d01f92000,0x00002b8d02093000)]
  0x00002b8c882e2000 JavaThread "Signal Dispatcher" daemon [_thread_blocked, id=27597, stack(0x00002b8d01e91000,0x00002b8d01f92000)]
  0x00002b8c88295000 JavaThread "Finalizer" daemon [_thread_blocked, id=27583, stack(0x00002b8cf0101000,0x00002b8cf0202000)]
  0x00002b8c88292800 JavaThread "Reference Handler" daemon [_thread_blocked, id=27582, stack(0x00002b8cf0000000,0x00002b8cf0101000)]
=>0x00002b8c88008000 JavaThread "main" [_thread_in_native, id=27558, stack(0x00002b8c86284000,0x00002b8c86385000)]

Other Threads:
  0x00002b8c8828b000 VMThread [stack: 0x00002b8cad818000,0x00002b8cad919000] [id=27578]
  0x00002b8c882f4000 WatcherThread [stack: 0x00002b8d02295000,0x00002b8d02396000] [id=27601]

VM state:not at safepoint (normal execution)

VM Mutex/Monitor currently owned by a thread: None

Heap
 PSYoungGen      total 4800K, used 1741K [0x00000000eaab0000, 0x00000000eb000000, 0x0000000100000000)
  eden space 4160K, 41% used [0x00000000eaab0000,0x00000000eac63760,0x00000000eaec0000)
  from space 640K, 0% used [0x00000000eaf60000,0x00000000eaf60000,0x00000000eb000000)
  to   space 640K, 0% used [0x00000000eaec0000,0x00000000eaec0000,0x00000000eaf60000)
 ParOldGen       total 10944K, used 0K [0x00000000c0000000, 0x00000000c0ab0000, 0x00000000eaab0000)
  object space 10944K, 0% used [0x00000000c0000000,0x00000000c0000000,0x00000000c0ab0000)
 PSPermGen       total 21248K, used 4426K [0x00000000bae00000, 0x00000000bc2c0000, 0x00000000c0000000)
  object space 21248K, 20% used [0x00000000bae00000,0x00000000bb252880,0x00000000bc2c0000)

Card table byte_map: [0x00002b8c8f0c0000,0x00002b8c8f2ea000] byte_map_base: 0x00002b8c8eae9000

Polling page: 0x00002b8c867be000

Code Cache  [0x00002b8c8c000000, 0x00002b8c8c270000, 0x00002b8c8f000000)
 total_blobs=222 nmethods=13 adapters=162 free_code_cache=48740Kb largest_free_block=49890624

Compilation events (10 events):
Event: 0.666 Thread 0x00002b8c882e4000 nmethod 8 0x00002b8c8c068010 code [0x00002b8c8c068140, 0x00002b8c8c0681b8]
Event: 0.690 Thread 0x00002b8c882e7000 nmethod 7 0x00002b8c8c068c10 code [0x00002b8c8c068d80, 0x00002b8c8c069768]
Event: 0.729 Thread 0x00002b8c882e4000   10             java.lang.String::charAt (29 bytes)
Event: 0.730 Thread 0x00002b8c882e4000 nmethod 10 0x00002b8c8c068950 code [0x00002b8c8c068aa0, 0x00002b8c8c068b38]
Event: 0.752 Thread 0x00002b8c882e7000   11             sun.nio.cs.SingleByte$Decoder::decode (11 bytes)
Event: 0.753 Thread 0x00002b8c882e4000   12             sun.nio.cs.SingleByte$Decoder::decode (63 bytes)
Event: 0.754 Thread 0x00002b8c882e7000 nmethod 11 0x00002b8c8c0686d0 code [0x00002b8c8c068820, 0x00002b8c8c0688b8]
Event: 0.759 Thread 0x00002b8c882e4000 nmethod 12 0x00002b8c8c068210 code [0x00002b8c8c068360, 0x00002b8c8c0685d8]
Event: 0.802 Thread 0x00002b8c882e7000   13             java.lang.Object::<init> (1 bytes)
Event: 0.803 Thread 0x00002b8c882e7000 nmethod 13 0x00002b8c8c06b890 code [0x00002b8c8c06b9c0, 0x00002b8c8c06ba38]

GC Heap History (0 events):
No events

Deoptimization events (0 events):
No events

Internal exceptions (10 events):
Event: 0.035 Thread 0x00002b8c88008000 Threw 0x00000000eaab61b0 at /HUDSON/workspace/jdk7u21-2-build-linux-amd64-product/jdk7u21/hotspot/src/share/vm/prims/jni.cpp:3994
Event: 0.267 Thread 0x00002b8c88008000 Threw 0x00000000eab0f180 at /HUDSON/workspace/jdk7u21-2-build-linux-amd64-product/jdk7u21/hotspot/src/share/vm/prims/jvm.cpp:1166
Event: 0.683 Thread 0x00002b8c88008000 Threw 0x00000000eac0dbe0 at /HUDSON/workspace/jdk7u21-2-build-linux-amd64-product/jdk7u21/hotspot/src/share/vm/prims/jvm.cpp:1166
Event: 0.691 Thread 0x00002b8c88008000 Threw 0x00000000eac14120 at /HUDSON/workspace/jdk7u21-2-build-linux-amd64-product/jdk7u21/hotspot/src/share/vm/prims/jvm.cpp:1166
Event: 0.703 Thread 0x00002b8c88008000 Threw 0x00000000eac1a478 at /HUDSON/workspace/jdk7u21-2-build-linux-amd64-product/jdk7u21/hotspot/src/share/vm/prims/jvm.cpp:1166
Event: 0.739 Thread 0x00002b8c88008000 Threw 0x00000000eac2ac18 at /HUDSON/workspace/jdk7u21-2-build-linux-amd64-product/jdk7u21/hotspot/src/share/vm/prims/jni.cpp:716
Event: 0.739 Thread 0x00002b8c88008000 Threw 0x00000000eac2b738 at /HUDSON/workspace/jdk7u21-2-build-linux-amd64-product/jdk7u21/hotspot/src/share/vm/prims/jni.cpp:716
Event: 0.740 Thread 0x00002b8c88008000 Threw 0x00000000eac2c218 at /HUDSON/workspace/jdk7u21-2-build-linux-amd64-product/jdk7u21/hotspot/src/share/vm/prims/jni.cpp:716
Event: 0.762 Thread 0x00002b8c88008000 Threw 0x00000000eac44630 at /HUDSON/workspace/jdk7u21-2-build-linux-amd64-product/jdk7u21/hotspot/src/share/vm/prims/jvm.cpp:1166
Event: 0.809 Thread 0x00002b8c88008000 Threw 0x00000000eac59380 at /HUDSON/workspace/jdk7u21-2-build-linux-amd64-product/jdk7u21/hotspot/src/share/vm/prims/nativeLookup.c

Events (10 events):
Event: 0.802 loading class 0x00002b8c882a24d0
Event: 0.802 loading class 0x00002b8c882a24d0 done
Event: 0.802 loading class 0x00002b8c883d77a0
Event: 0.804 loading class 0x00002b8c883d77a0 done
Event: 0.804 loading class 0x00002b8c88062250
Event: 0.804 loading class 0x00002b8c88062250 done
Event: 0.804 loading class 0x00002b8c88427d60
Event: 0.804 loading class 0x00002b8c88427d60 done
Event: 0.804 loading class 0x00002b8c8809ef50
Event: 0.805 loading class 0x00002b8c8809ef50 done


Dynamic libraries:
00400000-00401000 r-xp 00000000 09:00 7488102                            /usr/java/jdk1.7.0_21/bin/java.orig
00600000-00601000 rw-p 00000000 09:00 7488102                            /usr/java/jdk1.7.0_21/bin/java.orig
01156000-01177000 rw-p 00000000 00:00 0                                  [heap]
bae00000-bc2c0000 rw-p 00000000 00:00 0 
bc2c0000-c0000000 rw-p 00000000 00:00 0 
c0000000-c0ab0000 rw-p 00000000 00:00 0 
c0ab0000-eaab0000 rw-p 00000000 00:00 0 
eaab0000-eb000000 rw-p 00000000 00:00 0 
eb000000-100000000 rw-p 00000000 00:00 0 
35e3600000-35e3620000 r-xp 00000000 09:00 213018                         /lib64/ld-2.12.so
35e381f000-35e3820000 r--p 0001f000 09:00 213018                         /lib64/ld-2.12.so
35e3820000-35e3821000 rw-p 00020000 09:00 213018                         /lib64/ld-2.12.so
35e3821000-35e3822000 rw-p 00000000 00:00 0 
35e3a00000-35e3b8a000 r-xp 00000000 09:00 213020                         /lib64/libc-2.12.so
35e3b8a000-35e3d8a000 ---p 0018a000 09:00 213020                         /lib64/libc-2.12.so
35e3d8a000-35e3d8e000 r--p 0018a000 09:00 213020                         /lib64/libc-2.12.so
35e3d8e000-35e3d8f000 rw-p 0018e000 09:00 213020                         /lib64/libc-2.12.so
35e3d8f000-35e3d94000 rw-p 00000000 00:00 0 
35e3e00000-35e3e83000 r-xp 00000000 09:00 213055                         /lib64/libm-2.12.so
35e3e83000-35e4082000 ---p 00083000 09:00 213055                         /lib64/libm-2.12.so
35e4082000-35e4083000 r--p 00082000 09:00 213055                         /lib64/libm-2.12.so
35e4083000-35e4084000 rw-p 00083000 09:00 213055                         /lib64/libm-2.12.so
35e4200000-35e4202000 r-xp 00000000 09:00 213060                         /lib64/libdl-2.12.so
35e4202000-35e4402000 ---p 00002000 09:00 213060                         /lib64/libdl-2.12.so
35e4402000-35e4403000 r--p 00002000 09:00 213060                         /lib64/libdl-2.12.so
35e4403000-35e4404000 rw-p 00003000 09:00 213060                         /lib64/libdl-2.12.so
35e4600000-35e4617000 r-xp 00000000 09:00 213052                         /lib64/libpthread-2.12.so
35e4617000-35e4817000 ---p 00017000 09:00 213052                         /lib64/libpthread-2.12.so
35e4817000-35e4818000 r--p 00017000 09:00 213052                         /lib64/libpthread-2.12.so
35e4818000-35e4819000 rw-p 00018000 09:00 213052                         /lib64/libpthread-2.12.so
35e4819000-35e481d000 rw-p 00000000 00:00 0 
35e4a00000-35e4a15000 r-xp 00000000 09:00 213062                         /lib64/libz.so.1.2.3
35e4a15000-35e4c14000 ---p 00015000 09:00 213062                         /lib64/libz.so.1.2.3
35e4c14000-35e4c15000 r--p 00014000 09:00 213062                         /lib64/libz.so.1.2.3
35e4c15000-35e4c16000 rw-p 00015000 09:00 213062                         /lib64/libz.so.1.2.3
35e4e00000-35e4e07000 r-xp 00000000 09:00 213061                         /lib64/librt-2.12.so
35e4e07000-35e5006000 ---p 00007000 09:00 213061                         /lib64/librt-2.12.so
35e5006000-35e5007000 r--p 00006000 09:00 213061                         /lib64/librt-2.12.so
35e5007000-35e5008000 rw-p 00007000 09:00 213061                         /lib64/librt-2.12.so
35e5200000-35e521d000 r-xp 00000000 09:00 213082                         /lib64/libselinux.so.1
35e521d000-35e541c000 ---p 0001d000 09:00 213082                         /lib64/libselinux.so.1
35e541c000-35e541d000 r--p 0001c000 09:00 213082                         /lib64/libselinux.so.1
35e541d000-35e541e000 rw-p 0001d000 09:00 213082                         /lib64/libselinux.so.1
35e541e000-35e541f000 rw-p 00000000 00:00 0 
35e5a00000-35e5ae4000 r-xp 00000000 09:00 213066                         /lib64/libglib-2.0.so.0.2200.5
35e5ae4000-35e5ce3000 ---p 000e4000 09:00 213066                         /lib64/libglib-2.0.so.0.2200.5
35e5ce3000-35e5ce5000 rw-p 000e3000 09:00 213066                         /lib64/libglib-2.0.so.0.2200.5
35e5e00000-35e5e16000 r-xp 00000000 09:00 213077                         /lib64/libresolv-2.12.so
35e5e16000-35e6016000 ---p 00016000 09:00 213077                         /lib64/libresolv-2.12.so
35e6016000-35e6017000 r--p 00016000 09:00 213077                         /lib64/libresolv-2.12.so
35e6017000-35e6018000 rw-p 00017000 09:00 213077                         /lib64/libresolv-2.12.so
35e6018000-35e601a000 rw-p 00000000 00:00 0 
35e6600000-35e6643000 r-xp 00000000 09:00 213068                         /lib64/libgobject-2.0.so.0.2200.5
35e6643000-35e6843000 ---p 00043000 09:00 213068                         /lib64/libgobject-2.0.so.0.2200.5
35e6843000-35e6845000 rw-p 00043000 09:00 213068                         /lib64/libgobject-2.0.so.0.2200.5
35e7200000-35e7211000 r-xp 00000000 09:00 7423727                        /usr/lib64/libXext.so.6.4.0
35e7211000-35e7411000 ---p 00011000 09:00 7423727                        /usr/lib64/libXext.so.6.4.0
35e7411000-35e7412000 rw-p 00011000 09:00 7423727                        /usr/lib64/libXext.so.6.4.0
35e7600000-35e7629000 r-xp 00000000 09:00 7429577                        /usr/lib64/libpangoft2-1.0.so.0.2800.1
35e7629000-35e7828000 ---p 00029000 09:00 7429577                        /usr/lib64/libpangoft2-1.0.so.0.2800.1
35e7828000-35e782a000 rw-p 00028000 09:00 7429577                        /usr/lib64/libpangoft2-1.0.so.0.2800.1
35e7e00000-35e7e26000 r-xp 00000000 09:00 213064                         /lib64/libexpat.so.1.5.2
35e7e26000-35e8025000 ---p 00026000 09:00 213064                         /lib64/libexpat.so.1.5.2
35e8025000-35e8028000 rw-p 00025000 09:00 213064                         /lib64/libexpat.so.1.5.2
35e8200000-35e82a7000 r-xp 00000000 09:00 213085                         /lib64/libgio-2.0.so.0.2200.5
35e82a7000-35e84a7000 ---p 000a7000 09:00 213085                         /lib64/libgio-2.0.so.0.2200.5
35e84a7000-35e84aa000 rw-p 000a7000 09:00 213085                         /lib64/libgio-2.0.so.0.2200.5
35e84aa000-35e84ab000 rw-p 00000000 00:00 0 
35e8600000-35e8698000 r-xp 00000000 09:00 7424300                        /usr/lib64/libfreetype.so.6.3.22
35e8698000-35e8897000 ---p 00098000 09:00 7424300                        /usr/lib64/libfreetype.so.6.3.22
35e8897000-35e889d000 rw-p 00097000 09:00 7424300                        /usr/lib64/libfreetype.so.6.3.22
35e8a00000-35e8a1e000 r-xp 00000000 09:00 7423577                        /usr/lib64/libgdk_pixbuf-2.0.so.0.1800.9
35e8a1e000-35e8c1e000 ---p 0001e000 09:00 7423577                        /usr/lib64/libgdk_pixbuf-2.0.so.0.1800.9
35e8c1e000-35e8c1f000 rw-p 0001e000 09:00 7423577                        /usr/lib64/libgdk_pixbuf-2.0.so.0.1800.9
35e9600000-35e9634000 r-xp 00000000 09:00 7423407                        /usr/lib64/libfontconfig.so.1.4.4
35e9634000-35e9834000 ---p 00034000 09:00 7423407                        /usr/lib64/libfontconfig.so.1.4.4
35e9834000-35e9836000 rw-p 00034000 09:00 7423407                        /usr/lib64/libfontconfig.so.1.4.4
35e9a00000-35e9a03000 r-xp 00000000 09:00 213070                         /lib64/libgmodule-2.0.so.0.2200.5
35e9a03000-35e9c02000 ---p 00003000 09:00 213070                         /lib64/libgmodule-2.0.so.0.2200.5
35e9c02000-35e9c03000 rw-p 00002000 09:00 213070                         /lib64/libgmodule-2.0.so.0.2200.5
35e9e00000-35e9f39000 r-xp 00000000 09:00 7423504                        /usr/lib64/libX11.so.6.3.0
35e9f39000-35ea139000 ---p 00139000 09:00 7423504                        /usr/lib64/libX11.so.6.3.0
35ea139000-35ea13f000 rw-p 00139000 09:00 7423504                        /usr/lib64/libX11.so.6.3.0
35ea600000-35ea61b000 r-xp 00000000 09:00 7423433                        /usr/lib64/libxcb.so.1.1.0
35ea61b000-35ea81a000 ---p 0001b000 09:00 7423433                        /usr/lib64/libxcb.so.1.1.0
35ea81a000-35ea81b000 rw-p 0001a000 09:00 7423433                        /usr/lib64/libxcb.so.1.1.0
35eaa00000-35eaa48000 r-xp 00000000 09:00 7429576                        /usr/lib64/libpango-1.0.so.0.2800.1
35eaa48000-35eac48000 ---p 00048000 09:00 7429576                        /usr/lib64/libpango-1.0.so.0.2800.1
35eac48000-35eac4b000 rw-p 00048000 09:00 7429576                        /usr/lib64/libpango-1.0.so.0.2800.1
35eae00000-35eae02000 r-xp 00000000 09:00 7423568                        /usr/lib64/libXau.so.6.0.0
35eae02000-35eb002000 ---p 00002000 09:00 7423568                        /usr/lib64/libXau.so.6.0.0
35eb002000-35eb003000 rw-p 00002000 09:00 7423568                        /usr/lib64/libXau.so.6.0.0
35eb200000-35eb20b000 r-xp 00000000 09:00 7423723                        /usr/lib64/libpangocairo-1.0.so.0.2800.1
35eb20b000-35eb40b000 ---p 0000b000 09:00 7423723                        /usr/lib64/libpangocairo-1.0.so.0.2800.1
35eb40b000-35eb40c000 rw-p 0000b000 09:00 7423723                        /usr/lib64/libpangocairo-1.0.so.0.2800.1
35eb600000-35eb602000 r-xp 00000000 09:00 7423560                        /usr/lib64/libXcomposite.so.1.0.0
35eb602000-35eb801000 ---p 00002000 09:00 7423560                        /usr/lib64/libXcomposite.so.1.0.0
35eb801000-35eb802000 rw-p 00001000 09:00 7423560                        /usr/lib64/libXcomposite.so.1.0.0
35eba00000-35eba25000 r-xp 00000000 09:00 7423881                        /usr/lib64/libpng12.so.0.49.0
35eba25000-35ebc25000 ---p 00025000 09:00 7423881                        /usr/lib64/libpng12.so.0.49.0
35ebc25000-35ebc26000 rw-p 00025000 09:00 7423881                        /usr/lib64/libpng12.so.0.49.0
35ebe00000-35ebeb6000 r-xp 00000000 09:00 7423570                        /usr/lib64/libgdk-x11-2.0.so.0.1800.9
35ebeb6000-35ec0b6000 ---p 000b6000 09:00 7423570                        /usr/lib64/libgdk-x11-2.0.so.0.1800.9
35ec0b6000-35ec0bb000 rw-p 000b6000 09:00 7423570                        /usr/lib64/libgdk-x11-2.0.so.0.1800.9
35ece00000-35ece5d000 r-xp 00000000 09:00 7425142                        /usr/lib64/libpixman-1.so.0.18.4
35ece5d000-35ed05d000 ---p 0005d000 09:00 7425142                        /usr/lib64/libpixman-1.so.0.18.4
35ed05d000-35ed061000 rw-p 0005d000 09:00 7425142                        /usr/lib64/libpixman-1.so.0.18.4
35ed200000-35ed209000 r-xp 00000000 09:00 7423548                        /usr/lib64/libXrender.so.1.3.0
35ed209000-35ed409000 ---p 00009000 09:00 7423548                        /usr/lib64/libXrender.so.1.3.0
35ed409000-35ed40a000 rw-p 00009000 09:00 7423548                        /usr/lib64/libXrender.so.1.3.0
35ede00000-35ede05000 r-xp 00000000 09:00 7423556                        /usr/lib64/libXfixes.so.3.1.0
35ede05000-35ee004000 ---p 00005000 09:00 7423556                        /usr/lib64/libXfixes.so.3.1.0
35ee004000-35ee005000 rw-p 00004000 09:00 7423556                        /usr/lib64/libXfixes.so.3.1.0
35ee200000-35ee208000 r-xp 00000000 09:00 7423554                        /usr/lib64/libXrandr.so.2.2.0
35ee208000-35ee407000 ---p 00008000 09:00 7423554                        /usr/lib64/libXrandr.so.2.2.0
35ee407000-35ee408000 rw-p 00007000 09:00 7423554                        /usr/lib64/libXrandr.so.2.2.0
35ee600000-35ee602000 r-xp 00000000 09:00 7423552                        /usr/lib64/libXinerama.so.1.0.0
35ee602000-35ee801000 ---p 00002000 09:00 7423552                        /usr/lib64/libXinerama.so.1.0.0
35ee801000-35ee802000 rw-p 00001000 09:00 7423552                        /usr/lib64/libXinerama.so.1.0.0
35eea00000-35eea0f000 r-xp 00000000 09:00 7423564                        /usr/lib64/libXi.so.6.1.0
35eea0f000-35eec0e000 ---p 0000f000 09:00 7423564                        /usr/lib64/libXi.so.6.1.0
35eec0e000-35eec0f000 rw-p 0000e000 09:00 7423564                        /usr/lib64/libXi.so.6.1.0
35eee00000-35eee76000 r-xp 00000000 09:00 7423562                        /usr/lib64/libcairo.so.2.10800.8
35eee76000-35ef076000 ---p 00076000 09:00 7423562                        /usr/lib64/libcairo.so.2.10800.8
35ef076000-35ef079000 rw-p 00076000 09:00 7423562                        /usr/lib64/libcairo.so.2.10800.8
35ef200000-35ef209000 r-xp 00000000 09:00 7423566                        /usr/lib64/libXcursor.so.1.0.2
35ef209000-35ef409000 ---p 00009000 09:00 7423566                        /usr/lib64/libXcursor.so.1.0.2
35ef409000-35ef40a000 rw-p 00009000 09:00 7423566                        /usr/lib64/libXcursor.so.1.0.2
35ef600000-35efa59000 r-xp 00000000 09:00 7427654                        /usr/lib64/libgtk-x11-2.0.so.0.1800.9
35efa59000-35efc58000 ---p 00459000 09:00 7427654                        /usr/lib64/libgtk-x11-2.0.so.0.1800.9
35efc58000-35efc63000 rw-p 00458000 09:00 7427654                        /usr/lib64/libgtk-x11-2.0.so.0.1800.9
35efc63000-35efc65000 rw-p 00000000 00:00 0 
35efe00000-35efe1e000 r-xp 00000000 09:00 7423823                        /usr/lib64/libatk-1.0.so.0.2809.1
35efe1e000-35f001d000 ---p 0001e000 09:00 7423823                        /usr/lib64/libatk-1.0.so.0.2809.1
35f001d000-35f0020000 rw-p 0001d000 09:00 7423823                        /usr/lib64/libatk-1.0.so.0.2809.1
35f0200000-35f0202000 r-xp 00000000 09:00 7423725                        /usr/lib64/libXdamage.so.1.1.0
35f0202000-35f0401000 ---p 00002000 09:00 7423725                        /usr/lib64/libXdamage.so.1.1.0
35f0401000-35f0402000 rw-p 00001000 09:00 7423725                        /usr/lib64/libXdamage.so.1.1.0
2b8c85328000-2b8c85329000 rw-p 00000000 00:00 0 
2b8c85341000-2b8c85342000 rw-p 00000000 00:00 0 
2b8c85342000-2b8c85358000 r-xp 00000000 09:00 7488227                    /usr/java/jdk1.7.0_21/jre/lib/amd64/jli/libjli.so
2b8c85358000-2b8c85558000 ---p 00016000 09:00 7488227                    /usr/java/jdk1.7.0_21/jre/lib/amd64/jli/libjli.so
2b8c85558000-2b8c85559000 rw-p 00016000 09:00 7488227                    /usr/java/jdk1.7.0_21/jre/lib/amd64/jli/libjli.so
2b8c85559000-2b8c8555c000 rw-p 00000000 00:00 0 
2b8c8555c000-2b8c85fa6000 r-xp 00000000 09:00 7495684                    /usr/java/jdk1.7.0_21/jre/lib/amd64/server/libjvm.so
2b8c85fa6000-2b8c861a5000 ---p 00a4a000 09:00 7495684                    /usr/java/jdk1.7.0_21/jre/lib/amd64/server/libjvm.so
2b8c861a5000-2b8c86249000 rw-p 00a49000 09:00 7495684                    /usr/java/jdk1.7.0_21/jre/lib/amd64/server/libjvm.so
2b8c86249000-2b8c86284000 rw-p 00000000 00:00 0 
2b8c86284000-2b8c86287000 ---p 00000000 00:00 0 
2b8c86287000-2b8c86385000 rw-p 00000000 00:00 0 
2b8c86385000-2b8c86392000 r-xp 00000000 09:00 7488275                    /usr/java/jdk1.7.0_21/jre/lib/amd64/libverify.so
2b8c86392000-2b8c86591000 ---p 0000d000 09:00 7488275                    /usr/java/jdk1.7.0_21/jre/lib/amd64/libverify.so
2b8c86591000-2b8c86593000 rw-p 0000c000 09:00 7488275                    /usr/java/jdk1.7.0_21/jre/lib/amd64/libverify.so
2b8c86593000-2b8c865bc000 r-xp 00000000 09:00 7488245                    /usr/java/jdk1.7.0_21/jre/lib/amd64/libjava.so
2b8c865bc000-2b8c867bc000 ---p 00029000 09:00 7488245                    /usr/java/jdk1.7.0_21/jre/lib/amd64/libjava.so
2b8c867bc000-2b8c867be000 rw-p 00029000 09:00 7488245                    /usr/java/jdk1.7.0_21/jre/lib/amd64/libjava.so
2b8c867be000-2b8c867bf000 r--p 00000000 00:00 0 
2b8c867bf000-2b8c867c0000 rw-p 00000000 00:00 0 
2b8c867c0000-2b8c867c8000 rw-s 00000000 09:00 6275077                    /tmp/hsperfdata_ucsb-train33/27557
2b8c867d8000-2b8c867e4000 r-xp 00000000 09:00 213019                     /lib64/libnss_files-2.12.so
2b8c867e4000-2b8c869e4000 ---p 0000c000 09:00 213019                     /lib64/libnss_files-2.12.so
2b8c869e4000-2b8c869e5000 r--p 0000c000 09:00 213019                     /lib64/libnss_files-2.12.so
2b8c869e5000-2b8c869e6000 rw-p 0000d000 09:00 213019                     /lib64/libnss_files-2.12.so
2b8c869e6000-2b8c86a00000 r-xp 00000000 09:00 7488276                    /usr/java/jdk1.7.0_21/jre/lib/amd64/libzip.so
2b8c86a00000-2b8c86c00000 ---p 0001a000 09:00 7488276                    /usr/java/jdk1.7.0_21/jre/lib/amd64/libzip.so
2b8c86c00000-2b8c86c01000 rw-p 0001a000 09:00 7488276                    /usr/java/jdk1.7.0_21/jre/lib/amd64/libzip.so
2b8c88000000-2b8c8844c000 rw-p 00000000 00:00 0 
2b8c8844c000-2b8c8c000000 ---p 00000000 00:00 0 
2b8c8c000000-2b8c8c270000 rwxp 00000000 00:00 0 
2b8c8c270000-2b8c8f000000 rw-p 00000000 00:00 0 
2b8c8f000000-2b8c8f00a000 rw-p 00000000 00:00 0 
2b8c8f00a000-2b8c8f0c0000 rw-p 00000000 00:00 0 
2b8c8f0c0000-2b8c8f0cb000 rw-p 00000000 00:00 0 
2b8c8f0cb000-2b8c8f0e9000 rw-p 00000000 00:00 0 
2b8c8f0e9000-2b8c8f0ef000 rw-p 00000000 00:00 0 
2b8c8f0ef000-2b8c8f23e000 rw-p 00000000 00:00 0 
2b8c8f23e000-2b8c8f241000 rw-p 00000000 00:00 0 
2b8c8f241000-2b8c8f2e9000 rw-p 00000000 00:00 0 
2b8c8f2e9000-2b8c8f2f0000 rw-p 00000000 00:00 0 
2b8c8f2f0000-2b8c8f440000 rw-p 00000000 00:00 0 
2b8c8f440000-2b8c8f44b000 rw-p 00000000 00:00 0 
2b8c8f44b000-2b8c8f469000 rw-p 00000000 00:00 0 
2b8c8f469000-2b8c8f46a000 ---p 00000000 00:00 0 
2b8c8f46a000-2b8c8f56a000 rw-p 00000000 00:00 0 
2b8c8f56a000-2b8c8f56b000 ---p 00000000 00:00 0 
2b8c8f56b000-2b8c8f66b000 rw-p 00000000 00:00 0 
2b8c8f66b000-2b8c8f66c000 ---p 00000000 00:00 0 
2b8c8f66c000-2b8c8f76c000 rw-p 00000000 00:00 0 
2b8c8f76c000-2b8c8f76d000 ---p 00000000 00:00 0 
2b8c8f76d000-2b8c8f86d000 rw-p 00000000 00:00 0 
2b8c8f86d000-2b8c8f86e000 ---p 00000000 00:00 0 
2b8c8f86e000-2b8c8f96e000 rw-p 00000000 00:00 0 
2b8c8f96e000-2b8c8f96f000 ---p 00000000 00:00 0 
2b8c8f96f000-2b8c8fa6f000 rw-p 00000000 00:00 0 
2b8c8fa6f000-2b8c8fa70000 ---p 00000000 00:00 0 
2b8c8fa70000-2b8c8fb70000 rw-p 00000000 00:00 0 
2b8c8fb70000-2b8c8fb71000 ---p 00000000 00:00 0 
2b8c8fb71000-2b8c8fc71000 rw-p 00000000 00:00 0 
2b8c8fc71000-2b8c8fc72000 ---p 00000000 00:00 0 
2b8c8fc72000-2b8c8fd72000 rw-p 00000000 00:00 0 
2b8c8fd72000-2b8c8fd73000 ---p 00000000 00:00 0 
2b8c8fd73000-2b8c8fe73000 rw-p 00000000 00:00 0 
2b8c8fe73000-2b8c8fe74000 ---p 00000000 00:00 0 
2b8c8fe74000-2b8c8ff74000 rw-p 00000000 00:00 0 
2b8c8ff74000-2b8c8ff75000 ---p 00000000 00:00 0 
2b8c8ff75000-2b8c90075000 rw-p 00000000 00:00 0 
2b8c90075000-2b8c90076000 ---p 00000000 00:00 0 
2b8c90076000-2b8c90176000 rw-p 00000000 00:00 0 
2b8c94000000-2b8c94021000 rw-p 00000000 00:00 0 
2b8c94021000-2b8c98000000 ---p 00000000 00:00 0 
2b8c98000000-2b8c98021000 rw-p 00000000 00:00 0 
2b8c98021000-2b8c9c000000 ---p 00000000 00:00 0 
2b8c9c000000-2b8c9c021000 rw-p 00000000 00:00 0 
2b8c9c021000-2b8ca0000000 ---p 00000000 00:00 0 
2b8ca0000000-2b8ca0021000 rw-p 00000000 00:00 0 
2b8ca0021000-2b8ca4000000 ---p 00000000 00:00 0 
2b8ca4000000-2b8ca6b34000 rw-p 00000000 00:00 0 
2b8ca6b34000-2b8ca6cf1000 r--s 039de000 09:00 7488316                    /usr/java/jdk1.7.0_21/jre/lib/rt.jar
2b8ca6cf1000-2b8ca7f73000 rw-p 00000000 00:00 0 
2b8ca8000000-2b8ca8021000 rw-p 00000000 00:00 0 
2b8ca8021000-2b8cac000000 ---p 00000000 00:00 0 
2b8cac000000-2b8cad818000 rw-p 00000000 00:00 0 
2b8cad818000-2b8cad819000 ---p 00000000 00:00 0 
2b8cad819000-2b8cad919000 rw-p 00000000 00:00 0 
2b8cb0000000-2b8cb0021000 rw-p 00000000 00:00 0 
2b8cb0021000-2b8cb4000000 ---p 00000000 00:00 0 
2b8cb8000000-2b8cb8021000 rw-p 00000000 00:00 0 
2b8cb8021000-2b8cbc000000 ---p 00000000 00:00 0 
2b8cc0000000-2b8cc0021000 rw-p 00000000 00:00 0 
2b8cc0021000-2b8cc4000000 ---p 00000000 00:00 0 
2b8cc8000000-2b8cc8021000 rw-p 00000000 00:00 0 
2b8cc8021000-2b8ccc000000 ---p 00000000 00:00 0 
2b8cd0000000-2b8cd0021000 rw-p 00000000 00:00 0 
2b8cd0021000-2b8cd4000000 ---p 00000000 00:00 0 
2b8cd8000000-2b8cd8021000 rw-p 00000000 00:00 0 
2b8cd8021000-2b8cdc000000 ---p 00000000 00:00 0 
2b8ce0000000-2b8ce0021000 rw-p 00000000 00:00 0 
2b8ce0021000-2b8ce4000000 ---p 00000000 00:00 0 
2b8ce8000000-2b8ce8021000 rw-p 00000000 00:00 0 
2b8ce8021000-2b8cec000000 ---p 00000000 00:00 0 
2b8cec000000-2b8cec021000 rw-p 00000000 00:00 0 
2b8cec021000-2b8cf0000000 ---p 00000000 00:00 0 
2b8cf0000000-2b8cf0003000 ---p 00000000 00:00 0 
2b8cf0003000-2b8cf0101000 rw-p 00000000 00:00 0 
2b8cf0101000-2b8cf0104000 ---p 00000000 00:00 0 
2b8cf0104000-2b8cf0202000 rw-p 00000000 00:00 0 
2b8cf4000000-2b8cf4021000 rw-p 00000000 00:00 0 
2b8cf4021000-2b8cf8000000 ---p 00000000 00:00 0 
2b8cf8000000-2b8cf8021000 rw-p 00000000 00:00 0 
2b8cf8021000-2b8cfc000000 ---p 00000000 00:00 0 
2b8cfc000000-2b8d01e91000 r--p 00000000 09:00 7429639                    /usr/lib/locale/locale-archive
2b8d01e91000-2b8d01e94000 ---p 00000000 00:00 0 
2b8d01e94000-2b8d01f92000 rw-p 00000000 00:00 0 
2b8d01f92000-2b8d01f95000 ---p 00000000 00:00 0 
2b8d01f95000-2b8d02093000 rw-p 00000000 00:00 0 
2b8d02093000-2b8d02096000 ---p 00000000 00:00 0 
2b8d02096000-2b8d02194000 rw-p 00000000 00:00 0 
2b8d02194000-2b8d02197000 ---p 00000000 00:00 0 
2b8d02197000-2b8d02295000 rw-p 00000000 00:00 0 
2b8d02295000-2b8d02296000 ---p 00000000 00:00 0 
2b8d02296000-2b8d02396000 rw-p 00000000 00:00 0 
2b8d02396000-2b8d023a6000 r--s 00164000 09:00 7495836                    /usr/java/jdk1.7.0_21/jre/lib/ext/antlr-3.1.jar
2b8d023a6000-2b8d023a9000 r--s 00027000 09:00 7495838                    /usr/java/jdk1.7.0_21/jre/lib/ext/stringtemplate-3.2.jar
2b8d023a9000-2b8d023ac000 r--s 0001c000 09:00 7495837                    /usr/java/jdk1.7.0_21/jre/lib/ext/antlr-runtime-3.1.jar
2b8d023ac000-2b8d023b1000 r--s 00068000 09:00 7495835                    /usr/java/jdk1.7.0_21/jre/lib/ext/antlr-2.7.7.jar
2b8d023b1000-2b8d023bf000 r--s 0018a000 09:00 7495833                    /usr/java/jdk1.7.0_21/jre/lib/ext/j3dutils.jar
2b8d023bf000-2b8d023c1000 r--s 0004d000 09:00 7495834                    /usr/java/jdk1.7.0_21/jre/lib/ext/vecmath.jar
2b8d023c1000-2b8d023cd000 r--s 002c1000 09:00 7495801                    /usr/java/jdk1.7.0_21/jre/lib/ext/j3dcore.jar
2b8d023cd000-2b8d023ce000 r--s 0000b000 09:00 4506466                    /opt/intel/composer_xe_2013.1.117/debugger/gui/intel64/plugins/org.eclipse.equinox.launcher_1.2.0.v20110502.jar
2b8d023ce000-2b8d023d2000 r--s 0008a000 09:00 7488312                    /usr/java/jdk1.7.0_21/jre/lib/jsse.jar
2b8d023d2000-2b8d023d4000 r--s 0001f000 09:00 4506412                    /opt/intel/composer_xe_2013.1.117/debugger/gui/intel64/plugins/com.intel.debugger.ui.rcp_1.0.0.jar
2b8d023d4000-2b8d023e3000 r-xp 00000000 09:00 4506464                    /opt/intel/composer_xe_2013.1.117/debugger/gui/intel64/plugins/org.eclipse.equinox.launcher.gtk.linux.x86_64_1.1.100.v20110505/eclipse_1407.so
2b8d023e3000-2b8d024e2000 ---p 0000f000 09:00 4506464                    /opt/intel/composer_xe_2013.1.117/debugger/gui/intel64/plugins/org.eclipse.equinox.launcher.gtk.linux.x86_64_1.1.100.v20110505/eclipse_1407.so
2b8d024e2000-2b8d024e4000 rw-p 0000e000 09:00 4506464                    /opt/intel/composer_xe_2013.1.117/debugger/gui/intel64/plugins/org.eclipse.equinox.launcher.gtk.linux.x86_64_1.1.100.v20110505/eclipse_1407.so
2b8d024e4000-2b8d024eb000 r--s 00000000 09:00 7447578                    /usr/lib64/gconv/gconv-modules.cache
2b8d024eb000-2b8d024ed000 r-xp 00000000 09:00 7447505                    /usr/lib64/gconv/ISO8859-15.so
2b8d024ed000-2b8d026ec000 ---p 00002000 09:00 7447505                    /usr/lib64/gconv/ISO8859-15.so
2b8d026ec000-2b8d026ed000 r--p 00001000 09:00 7447505                    /usr/lib64/gconv/ISO8859-15.so
2b8d026ed000-2b8d026ee000 rw-p 00002000 09:00 7447505                    /usr/lib64/gconv/ISO8859-15.so
2b8d026f6000-2b8d026f9000 r-xp 00000000 09:00 7463491                    /usr/lib64/gtk-2.0/2.10.0/loaders/libpixbufloader-bmp.so
2b8d026f9000-2b8d028f9000 ---p 00003000 09:00 7463491                    /usr/lib64/gtk-2.0/2.10.0/loaders/libpixbufloader-bmp.so
2b8d028f9000-2b8d028fa000 rw-p 00003000 09:00 7463491                    /usr/lib64/gtk-2.0/2.10.0/loaders/libpixbufloader-bmp.so
2b8d028fa000-2b8d02969000 rw-p 00000000 00:00 0 
2b8d04000000-2b8d04021000 rw-p 00000000 00:00 0 
2b8d04021000-2b8d08000000 ---p 00000000 00:00 0 
2b8d08000000-2b8d08059000 rw-p 00000000 00:00 0 
2b8d08059000-2b8d0c000000 ---p 00000000 00:00 0 
2b8d0c000000-2b8d0c1ff000 rw-p 00000000 00:00 0 
2b8d0c1ff000-2b8d10000000 ---p 00000000 00:00 0 
2b8d10000000-2b8d10021000 rw-p 00000000 00:00 0 
2b8d10021000-2b8d14000000 ---p 00000000 00:00 0 
2b8d14000000-2b8d14021000 rw-p 00000000 00:00 0 
2b8d14021000-2b8d18000000 ---p 00000000 00:00 0 
7fff9d112000-7fff9d128000 rw-p 00000000 00:00 0                          [stack]
7fff9d1ff000-7fff9d200000 r-xp 00000000 00:00 0                          [vdso]
ffffffffff600000-ffffffffff601000 r-xp 00000000 00:00 0                  [vsyscall]

VM Arguments:
jvm_args: -Xms16m -Xmx1024m 
java_command: /opt/intel/composer_xe_2013.1.117/debugger/gui/intel64/plugins/org.eclipse.equinox.launcher_1.2.0.v20110502.jar -showsplash -gui -native -tty /dev/tty ./a.out
Launcher Type: SUN_STANDARD

Environment Variables:
JAVA_HOME=/usr/java/latest
PATH=/opt/intel/composer_xe_2013.1.117/bin/intel64:/opt/intel/composer_xe_2013.1.117/debugger/gui/intel64:/opt/openmpi/intel/ib/bin:/opt/intel/composer_xe_2013.1.117/bin/intel64:/opt/scar/bin:/opt/scar/sbin:/usr/lib64/qt-3.3/bin:/usr/local/bin:/bin:/usr/bin:/usr/local/sbin:/usr/sbin:/sbin:/opt/ganglia/bin:/opt/ganglia/sbin:/opt/gold/bin:/opt/gold/sbin::/usr/java/latest/bin:/opt/maui/bin:/opt/torque/bin:/opt/torque/sbin:/opt/torque/bin:opt/torque/sbin:/opt/pdsh/bin:/opt/rocks/bin:/opt/rocks/sbin:/home/ucsb-train33/bin
LD_LIBRARY_PATH=/opt/intel/composer_xe_2013.1.117/bin/intel64:/opt/intel/composer_xe_2013.1.117/debugger/lib/intel64:/opt/intel/composer_xe_2013.1.117/debugger/gui/intel64:/opt/openmpi/intel/ib/lib:/opt/intel/composer_xe_2013.1.117/compiler/lib/intel64:/opt/intel/composer_xe_2013.1.117/ipp/../compiler/lib/intel64:/opt/intel/composer_xe_2013.1.117/ipp/lib/intel64:/opt/intel/composer_xe_2013.1.117/compiler/lib/intel64:/opt/intel/composer_xe_2013.1.117/mkl/lib/intel64:/opt/intel/composer_xe_2013.1.117/tbb/lib/intel64//cc4.1.0_libc2.4_kernel2.6.16.21:/opt/gridengine/lib/lx26-amd64:/opt/intel/composer_xe_2013.1.117/debugger/lib/intel64:/opt/intel/composer_xe_2013.1.117/mpirt/lib/intel64
SHELL=/bin/bash

Signal Handlers:
SIGSEGV: [libjvm.so+0x8a80e0], sa_mask[0]=0x7ffbfeff, sa_flags=0x10000004
SIGBUS: [libjvm.so+0x8a80e0], sa_mask[0]=0x7ffbfeff, sa_flags=0x10000004
SIGFPE: [libjvm.so+0x744170], sa_mask[0]=0x7ffbfeff, sa_flags=0x10000004
SIGPIPE: SIG_IGN, sa_mask[0]=0x00001000, sa_flags=0x10000000
SIGXFSZ: [libjvm.so+0x744170], sa_mask[0]=0x7ffbfeff, sa_flags=0x10000004
SIGILL: [libjvm.so+0x744170], sa_mask[0]=0x7ffbfeff, sa_flags=0x10000004
SIGUSR1: SIG_DFL, sa_mask[0]=0x00000000, sa_flags=0x00000000
SIGUSR2: [libjvm.so+0x743ac0], sa_mask[0]=0x00000000, sa_flags=0x10000004
SIGHUP: [libjvm.so+0x745e50], sa_mask[0]=0x7ffbfeff, sa_flags=0x10000004
SIGINT: SIG_IGN, sa_mask[0]=0x00000000, sa_flags=0x00000000
SIGTERM: [libjvm.so+0x745e50], sa_mask[0]=0x7ffbfeff, sa_flags=0x10000004
SIGQUIT: [libjvm.so+0x745e50], sa_mask[0]=0x7ffbfeff, sa_flags=0x10000004


---------------  S Y S T E M  ---------------

OS:CentOS release 6.3 (Final)

uname:Linux 2.6.32-431.23.3.el6.x86_64 #1 SMP Thu Jul 31 17:20:51 UTC 2014 x86_64
libc:glibc 2.12 NPTL 2.12 
rlimit: STACK infinity, CORE 0k, NPROC 1024, NOFILE 4096, AS 4194304k
load average:2.35 2.28 2.31

/proc/meminfo:
MemTotal:       66068152 kB
MemFree:         4782380 kB
Buffers:          213196 kB
Cached:         45479880 kB
SwapCached:        16900 kB
Active:          7170872 kB
Inactive:       40092088 kB
Active(anon):     846736 kB
Inactive(anon):   727016 kB
Active(file):    6324136 kB
Inactive(file): 39365072 kB
Unevictable:           0 kB
Mlocked:               0 kB
SwapTotal:       4095984 kB
SwapFree:        3919656 kB
Dirty:             17936 kB
Writeback:           480 kB
AnonPages:       1553348 kB
Mapped:            69848 kB
Shmem:              2744 kB
Slab:           12313936 kB
SReclaimable:     461880 kB
SUnreclaim:     11852056 kB
KernelStack:        9656 kB
PageTables:       101572 kB
NFS_Unstable:        832 kB
Bounce:                0 kB
WritebackTmp:          0 kB
CommitLimit:    37130060 kB
Committed_AS:    2838444 kB
VmallocTotal:   34359738367 kB
VmallocUsed:     1295480 kB
VmallocChunk:   34324515440 kB
HardwareCorrupted:     0 kB
AnonHugePages:    372736 kB
HugePages_Total:       0
HugePages_Free:        0
HugePages_Rsvd:        0
HugePages_Surp:        0
Hugepagesize:       2048 kB
DirectMap4k:        8056 kB
DirectMap2M:     3102720 kB
DirectMap1G:    63963136 kB


CPU:total 16 (8 cores per cpu, 2 threads per core) family 6 model 45 stepping 7, cmov, cx8, fxsr, mmx, sse, sse2, sse3, ssse3, sse4.1, sse4.2, popcnt, avx, ht, tsc, tscinvbit, tscinv

/proc/cpuinfo:
processor	: 0
vendor_id	: GenuineIntel
cpu family	: 6
model		: 45
model name	: Intel(R) Xeon(R) CPU E5-2670 0 @ 2.60GHz
stepping	: 7
cpu MHz		: 2593.507
cache size	: 20480 KB
physical id	: 0
siblings	: 8
core id		: 0
cpu cores	: 8
apicid		: 0
initial apicid	: 0
fpu		: yes
fpu_exception	: yes
cpuid level	: 13
wp		: yes
flags		: fpu vme de pse tsc msr pae mce cx8 apic sep mtrr pge mca cmov pat pse36 clflush dts acpi mmx fxsr sse sse2 ss ht tm pbe syscall nx pdpe1gb rdtscp lm constant_tsc arch_perfmon pebs bts rep_good xtopology nonstop_tsc aperfmperf pni pclmulqdq dtes64 monitor ds_cpl vmx smx est tm2 ssse3 cx16 xtpr pdcm pcid dca sse4_1 sse4_2 x2apic popcnt tsc_deadline_timer aes xsave avx lahf_lm ida arat epb xsaveopt pln pts dts tpr_shadow vnmi flexpriority ept vpid
bogomips	: 5187.01
clflush size	: 64
cache_alignment	: 64
address sizes	: 46 bits physical, 48 bits virtual
power management:

processor	: 1
vendor_id	: GenuineIntel
cpu family	: 6
model		: 45
model name	: Intel(R) Xeon(R) CPU E5-2670 0 @ 2.60GHz
stepping	: 7
cpu MHz		: 2593.507
cache size	: 20480 KB
physical id	: 0
siblings	: 8
core id		: 1
cpu cores	: 8
apicid		: 2
initial apicid	: 2
fpu		: yes
fpu_exception	: yes
cpuid level	: 13
wp		: yes
flags		: fpu vme de pse tsc msr pae mce cx8 apic sep mtrr pge mca cmov pat pse36 clflush dts acpi mmx fxsr sse sse2 ss ht tm pbe syscall nx pdpe1gb rdtscp lm constant_tsc arch_perfmon pebs bts rep_good xtopology nonstop_tsc aperfmperf pni pclmulqdq dtes64 monitor ds_cpl vmx smx est tm2 ssse3 cx16 xtpr pdcm pcid dca sse4_1 sse4_2 x2apic popcnt tsc_deadline_timer aes xsave avx lahf_lm ida arat epb xsaveopt pln pts dts tpr_shadow vnmi flexpriority ept vpid
bogomips	: 5187.01
clflush size	: 64
cache_alignment	: 64
address sizes	: 46 bits physical, 48 bits virtual
power management:

processor	: 2
vendor_id	: GenuineIntel
cpu family	: 6
model		: 45
model name	: Intel(R) Xeon(R) CPU E5-2670 0 @ 2.60GHz
stepping	: 7
cpu MHz		: 2593.507
cache size	: 20480 KB
physical id	: 0
siblings	: 8
core id		: 2
cpu cores	: 8
apicid		: 4
initial apicid	: 4
fpu		: yes
fpu_exception	: yes
cpuid level	: 13
wp		: yes
flags		: fpu vme de pse tsc msr pae mce cx8 apic sep mtrr pge mca cmov pat pse36 clflush dts acpi mmx fxsr sse sse2 ss ht tm pbe syscall nx pdpe1gb rdtscp lm constant_tsc arch_perfmon pebs bts rep_good xtopology nonstop_tsc aperfmperf pni pclmulqdq dtes64 monitor ds_cpl vmx smx est tm2 ssse3 cx16 xtpr pdcm pcid dca sse4_1 sse4_2 x2apic popcnt tsc_deadline_timer aes xsave avx lahf_lm ida arat epb xsaveopt pln pts dts tpr_shadow vnmi flexpriority ept vpid
bogomips	: 5187.01
clflush size	: 64
cache_alignment	: 64
address sizes	: 46 bits physical, 48 bits virtual
power management:

processor	: 3
vendor_id	: GenuineIntel
cpu family	: 6
model		: 45
model name	: Intel(R) Xeon(R) CPU E5-2670 0 @ 2.60GHz
stepping	: 7
cpu MHz		: 2593.507
cache size	: 20480 KB
physical id	: 0
siblings	: 8
core id		: 3
cpu cores	: 8
apicid		: 6
initial apicid	: 6
fpu		: yes
fpu_exception	: yes
cpuid level	: 13
wp		: yes
flags		: fpu vme de pse tsc msr pae mce cx8 apic sep mtrr pge mca cmov pat pse36 clflush dts acpi mmx fxsr sse sse2 ss ht tm pbe syscall nx pdpe1gb rdtscp lm constant_tsc arch_perfmon pebs bts rep_good xtopology nonstop_tsc aperfmperf pni pclmulqdq dtes64 monitor ds_cpl vmx smx est tm2 ssse3 cx16 xtpr pdcm pcid dca sse4_1 sse4_2 x2apic popcnt tsc_deadline_timer aes xsave avx lahf_lm ida arat epb xsaveopt pln pts dts tpr_shadow vnmi flexpriority ept vpid
bogomips	: 5187.01
clflush size	: 64
cache_alignment	: 64
address sizes	: 46 bits physical, 48 bits virtual
power management:

processor	: 4
vendor_id	: GenuineIntel
cpu family	: 6
model		: 45
model name	: Intel(R) Xeon(R) CPU E5-2670 0 @ 2.60GHz
stepping	: 7
cpu MHz		: 2593.507
cache size	: 20480 KB
physical id	: 0
siblings	: 8
core id		: 4
cpu cores	: 8
apicid		: 8
initial apicid	: 8
fpu		: yes
fpu_exception	: yes
cpuid level	: 13
wp		: yes
flags		: fpu vme de pse tsc msr pae mce cx8 apic sep mtrr pge mca cmov pat pse36 clflush dts acpi mmx fxsr sse sse2 ss ht tm pbe syscall nx pdpe1gb rdtscp lm constant_tsc arch_perfmon pebs bts rep_good xtopology nonstop_tsc aperfmperf pni pclmulqdq dtes64 monitor ds_cpl vmx smx est tm2 ssse3 cx16 xtpr pdcm pcid dca sse4_1 sse4_2 x2apic popcnt tsc_deadline_timer aes xsave avx lahf_lm ida arat epb xsaveopt pln pts dts tpr_shadow vnmi flexpriority ept vpid
bogomips	: 5187.01
clflush size	: 64
cache_alignment	: 64
address sizes	: 46 bits physical, 48 bits virtual
power management:

processor	: 5
vendor_id	: GenuineIntel
cpu family	: 6
model		: 45
model name	: Intel(R) Xeon(R) CPU E5-2670 0 @ 2.60GHz
stepping	: 7
cpu MHz		: 2593.507
cache size	: 20480 KB
physical id	: 0
siblings	: 8
core id		: 5
cpu cores	: 8
apicid		: 10
initial apicid	: 10
fpu		: yes
fpu_exception	: yes
cpuid level	: 13
wp		: yes
flags		: fpu vme de pse tsc msr pae mce cx8 apic sep mtrr pge mca cmov pat pse36 clflush dts acpi mmx fxsr sse sse2 ss ht tm pbe syscall nx pdpe1gb rdtscp lm constant_tsc arch_perfmon pebs bts rep_good xtopology nonstop_tsc aperfmperf pni pclmulqdq dtes64 monitor ds_cpl vmx smx est tm2 ssse3 cx16 xtpr pdcm pcid dca sse4_1 sse4_2 x2apic popcnt tsc_deadline_timer aes xsave avx lahf_lm ida arat epb xsaveopt pln pts dts tpr_shadow vnmi flexpriority ept vpid
bogomips	: 5187.01
clflush size	: 64
cache_alignment	: 64
address sizes	: 46 bits physical, 48 bits virtual
power management:

processor	: 6
vendor_id	: GenuineIntel
cpu family	: 6
model		: 45
model name	: Intel(R) Xeon(R) CPU E5-2670 0 @ 2.60GHz
stepping	: 7
cpu MHz		: 2593.507
cache size	: 20480 KB
physical id	: 0
siblings	: 8
core id		: 6
cpu cores	: 8
apicid		: 12
initial apicid	: 12
fpu		: yes
fpu_exception	: yes
cpuid level	: 13
wp		: yes
flags		: fpu vme de pse tsc msr pae mce cx8 apic sep mtrr pge mca cmov pat pse36 clflush dts acpi mmx fxsr sse sse2 ss ht tm pbe syscall nx pdpe1gb rdtscp lm constant_tsc arch_perfmon pebs bts rep_good xtopology nonstop_tsc aperfmperf pni pclmulqdq dtes64 monitor ds_cpl vmx smx est tm2 ssse3 cx16 xtpr pdcm pcid dca sse4_1 sse4_2 x2apic popcnt tsc_deadline_timer aes xsave avx lahf_lm ida arat epb xsaveopt pln pts dts tpr_shadow vnmi flexpriority ept vpid
bogomips	: 5187.01
clflush size	: 64
cache_alignment	: 64
address sizes	: 46 bits physical, 48 bits virtual
power management:

processor	: 7
vendor_id	: GenuineIntel
cpu family	: 6
model		: 45
model name	: Intel(R) Xeon(R) CPU E5-2670 0 @ 2.60GHz
stepping	: 7
cpu MHz		: 2593.507
cache size	: 20480 KB
physical id	: 0
siblings	: 8
core id		: 7
cpu cores	: 8
apicid		: 14
initial apicid	: 14
fpu		: yes
fpu_exception	: yes
cpuid level	: 13
wp		: yes
flags		: fpu vme de pse tsc msr pae mce cx8 apic sep mtrr pge mca cmov pat pse36 clflush dts acpi mmx fxsr sse sse2 ss ht tm pbe syscall nx pdpe1gb rdtscp lm constant_tsc arch_perfmon pebs bts rep_good xtopology nonstop_tsc aperfmperf pni pclmulqdq dtes64 monitor ds_cpl vmx smx est tm2 ssse3 cx16 xtpr pdcm pcid dca sse4_1 sse4_2 x2apic popcnt tsc_deadline_timer aes xsave avx lahf_lm ida arat epb xsaveopt pln pts dts tpr_shadow vnmi flexpriority ept vpid
bogomips	: 5187.01
clflush size	: 64
cache_alignment	: 64
address sizes	: 46 bits physical, 48 bits virtual
power management:

processor	: 8
vendor_id	: GenuineIntel
cpu family	: 6
model		: 45
model name	: Intel(R) Xeon(R) CPU E5-2670 0 @ 2.60GHz
stepping	: 7
cpu MHz		: 2593.507
cache size	: 20480 KB
physical id	: 1
siblings	: 8
core id		: 0
cpu cores	: 8
apicid		: 32
initial apicid	: 32
fpu		: yes
fpu_exception	: yes
cpuid level	: 13
wp		: yes
flags		: fpu vme de pse tsc msr pae mce cx8 apic sep mtrr pge mca cmov pat pse36 clflush dts acpi mmx fxsr sse sse2 ss ht tm pbe syscall nx pdpe1gb rdtscp lm constant_tsc arch_perfmon pebs bts rep_good xtopology nonstop_tsc aperfmperf pni pclmulqdq dtes64 monitor ds_cpl vmx smx est tm2 ssse3 cx16 xtpr pdcm pcid dca sse4_1 sse4_2 x2apic popcnt tsc_deadline_timer aes xsave avx lahf_lm ida arat epb xsaveopt pln pts dts tpr_shadow vnmi flexpriority ept vpid
bogomips	: 5186.83
clflush size	: 64
cache_alignment	: 64
address sizes	: 46 bits physical, 48 bits virtual
power management:

processor	: 9
vendor_id	: GenuineIntel
cpu family	: 6
model		: 45
model name	: Intel(R) Xeon(R) CPU E5-2670 0 @ 2.60GHz
stepping	: 7
cpu MHz		: 2593.507
cache size	: 20480 KB
physical id	: 1
siblings	: 8
core id		: 1
cpu cores	: 8
apicid		: 34
initial apicid	: 34
fpu		: yes
fpu_exception	: yes
cpuid level	: 13
wp		: yes
flags		: fpu vme de pse tsc msr pae mce cx8 apic sep mtrr pge mca cmov pat pse36 clflush dts acpi mmx fxsr sse sse2 ss ht tm pbe syscall nx pdpe1gb rdtscp lm constant_tsc arch_perfmon pebs bts rep_good xtopology nonstop_tsc aperfmperf pni pclmulqdq dtes64 monitor ds_cpl vmx smx est tm2 ssse3 cx16 xtpr pdcm pcid dca sse4_1 sse4_2 x2apic popcnt tsc_deadline_timer aes xsave avx lahf_lm ida arat epb xsaveopt pln pts dts tpr_shadow vnmi flexpriority ept vpid
bogomips	: 5186.83
clflush size	: 64
cache_alignment	: 64
address sizes	: 46 bits physical, 48 bits virtual
power management:

processor	: 10
vendor_id	: GenuineIntel
cpu family	: 6
model		: 45
model name	: Intel(R) Xeon(R) CPU E5-2670 0 @ 2.60GHz
stepping	: 7
cpu MHz		: 2593.507
cache size	: 20480 KB
physical id	: 1
siblings	: 8
core id		: 2
cpu cores	: 8
apicid		: 36
initial apicid	: 36
fpu		: yes
fpu_exception	: yes
cpuid level	: 13
wp		: yes
flags		: fpu vme de pse tsc msr pae mce cx8 apic sep mtrr pge mca cmov pat pse36 clflush dts acpi mmx fxsr sse sse2 ss ht tm pbe syscall nx pdpe1gb rdtscp lm constant_tsc arch_perfmon pebs bts rep_good xtopology nonstop_tsc aperfmperf pni pclmulqdq dtes64 monitor ds_cpl vmx smx est tm2 ssse3 cx16 xtpr pdcm pcid dca sse4_1 sse4_2 x2apic popcnt tsc_deadline_timer aes xsave avx lahf_lm ida arat epb xsaveopt pln pts dts tpr_shadow vnmi flexpriority ept vpid
bogomips	: 5186.83
clflush size	: 64
cache_alignment	: 64
address sizes	: 46 bits physical, 48 bits virtual
power management:

processor	: 11
vendor_id	: GenuineIntel
cpu family	: 6
model		: 45
model name	: Intel(R) Xeon(R) CPU E5-2670 0 @ 2.60GHz
stepping	: 7
cpu MHz		: 2593.507
cache size	: 20480 KB
physical id	: 1
siblings	: 8
core id		: 3
cpu cores	: 8
apicid		: 38
initial apicid	: 38
fpu		: yes
fpu_exception	: yes
cpuid level	: 13
wp		: yes
flags		: fpu vme de pse tsc msr pae mce cx8 apic sep mtrr pge mca cmov pat pse36 clflush dts acpi mmx fxsr sse sse2 ss ht tm pbe syscall nx pdpe1gb rdtscp lm constant_tsc arch_perfmon pebs bts rep_good xtopology nonstop_tsc aperfmperf pni pclmulqdq dtes64 monitor ds_cpl vmx smx est tm2 ssse3 cx16 xtpr pdcm pcid dca sse4_1 sse4_2 x2apic popcnt tsc_deadline_timer aes xsave avx lahf_lm ida arat epb xsaveopt pln pts dts tpr_shadow vnmi flexpriority ept vpid
bogomips	: 5186.83
clflush size	: 64
cache_alignment	: 64
address sizes	: 46 bits physical, 48 bits virtual
power management:

processor	: 12
vendor_id	: GenuineIntel
cpu family	: 6
model		: 45
model name	: Intel(R) Xeon(R) CPU E5-2670 0 @ 2.60GHz
stepping	: 7
cpu MHz		: 2593.507
cache size	: 20480 KB
physical id	: 1
siblings	: 8
core id		: 4
cpu cores	: 8
apicid		: 40
initial apicid	: 40
fpu		: yes
fpu_exception	: yes
cpuid level	: 13
wp		: yes
flags		: fpu vme de pse tsc msr pae mce cx8 apic sep mtrr pge mca cmov pat pse36 clflush dts acpi mmx fxsr sse sse2 ss ht tm pbe syscall nx pdpe1gb rdtscp lm constant_tsc arch_perfmon pebs bts rep_good xtopology nonstop_tsc aperfmperf pni pclmulqdq dtes64 monitor ds_cpl vmx smx est tm2 ssse3 cx16 xtpr pdcm pcid dca sse4_1 sse4_2 x2apic popcnt tsc_deadline_timer aes xsave avx lahf_lm ida arat epb xsaveopt pln pts dts tpr_shadow vnmi flexpriority ept vpid
bogomips	: 5186.83
clflush size	: 64
cache_alignment	: 64
address sizes	: 46 bits physical, 48 bits virtual
power management:

processor	: 13
vendor_id	: GenuineIntel
cpu family	: 6
model		: 45
model name	: Intel(R) Xeon(R) CPU E5-2670 0 @ 2.60GHz
stepping	: 7
cpu MHz		: 2593.507
cache size	: 20480 KB
physical id	: 1
siblings	: 8
core id		: 5
cpu cores	: 8
apicid		: 42
initial apicid	: 42
fpu		: yes
fpu_exception	: yes
cpuid level	: 13
wp		: yes
flags		: fpu vme de pse tsc msr pae mce cx8 apic sep mtrr pge mca cmov pat pse36 clflush dts acpi mmx fxsr sse sse2 ss ht tm pbe syscall nx pdpe1gb rdtscp lm constant_tsc arch_perfmon pebs bts rep_good xtopology nonstop_tsc aperfmperf pni pclmulqdq dtes64 monitor ds_cpl vmx smx est tm2 ssse3 cx16 xtpr pdcm pcid dca sse4_1 sse4_2 x2apic popcnt tsc_deadline_timer aes xsave avx lahf_lm ida arat epb xsaveopt pln pts dts tpr_shadow vnmi flexpriority ept vpid
bogomips	: 5186.83
clflush size	: 64
cache_alignment	: 64
address sizes	: 46 bits physical, 48 bits virtual
power management:

processor	: 14
vendor_id	: GenuineIntel
cpu family	: 6
model		: 45
model name	: Intel(R) Xeon(R) CPU E5-2670 0 @ 2.60GHz
stepping	: 7
cpu MHz		: 2593.507
cache size	: 20480 KB
physical id	: 1
siblings	: 8
core id		: 6
cpu cores	: 8
apicid		: 44
initial apicid	: 44
fpu		: yes
fpu_exception	: yes
cpuid level	: 13
wp		: yes
flags		: fpu vme de pse tsc msr pae mce cx8 apic sep mtrr pge mca cmov pat pse36 clflush dts acpi mmx fxsr sse sse2 ss ht tm pbe syscall nx pdpe1gb rdtscp lm constant_tsc arch_perfmon pebs bts rep_good xtopology nonstop_tsc aperfmperf pni pclmulqdq dtes64 monitor ds_cpl vmx smx est tm2 ssse3 cx16 xtpr pdcm pcid dca sse4_1 sse4_2 x2apic popcnt tsc_deadline_timer aes xsave avx lahf_lm ida arat epb xsaveopt pln pts dts tpr_shadow vnmi flexpriority ept vpid
bogomips	: 5186.83
clflush size	: 64
cache_alignment	: 64
address sizes	: 46 bits physical, 48 bits virtual
power management:

processor	: 15
vendor_id	: GenuineIntel
cpu family	: 6
model		: 45
model name	: Intel(R) Xeon(R) CPU E5-2670 0 @ 2.60GHz
stepping	: 7
cpu MHz		: 2593.507
cache size	: 20480 KB
physical id	: 1
siblings	: 8
core id		: 7
cpu cores	: 8
apicid		: 46
initial apicid	: 46
fpu		: yes
fpu_exception	: yes
cpuid level	: 13
wp		: yes
flags		: fpu vme de pse tsc msr pae mce cx8 apic sep mtrr pge mca cmov pat pse36 clflush dts acpi mmx fxsr sse sse2 ss ht tm pbe syscall nx pdpe1gb rdtscp lm constant_tsc arch_perfmon pebs bts rep_good xtopology nonstop_tsc aperfmperf pni pclmulqdq dtes64 monitor ds_cpl vmx smx est tm2 ssse3 cx16 xtpr pdcm pcid dca sse4_1 sse4_2 x2apic popcnt tsc_deadline_timer aes xsave avx lahf_lm ida arat epb xsaveopt pln pts dts tpr_shadow vnmi flexpriority ept vpid
bogomips	: 5186.83
clflush size	: 64
cache_alignment	: 64
address sizes	: 46 bits physical, 48 bits virtual
power management:



Memory: 4k page, physical 66068152k(4781264k free), swap 4095984k(3919656k free)

vm_info: Java HotSpot(TM) 64-Bit Server VM (23.21-b01) for linux-amd64 JRE (1.7.0_21-b11), built on Apr  4 2013 04:03:29 by "java_re" with gcc 4.3.0 20080428 (Red Hat 4.3.0-8)

time: Mon Mar 16 15:49:01 2015
elapsed time: 1 seconds

